<?xml version="1.0" encoding="UTF-8"?>
<testsuite name="com.topherian.adventOfCode.Day1Tests" tests="4" skipped="0" failures="0" errors="0" timestamp="2021-12-06T23:47:22" hostname="ChristophersMBP" time="0.068">
  <properties/>
  <testcase name="Test sample input" classname="com.topherian.adventOfCode.Day1Tests" time="0.029"/>
  <testcase name="Calculate Actual Input Test" classname="com.topherian.adventOfCode.Day1Tests" time="0.005"/>
  <testcase name="Calculate sliding windows with Sample input" classname="com.topherian.adventOfCode.Day1Tests" time="0.012"/>
  <testcase name="Calculate sliding windows with Actual input" classname="com.topherian.adventOfCode.Day1Tests" time="0.019"/>
  <system-out><![CDATA[Depth Measurement Increase Count : 7
Counter is: 7
Depth Measurement Increase Count : 1387
Counter is: 1387
Depth Measurement Increase Count : 5
Depth Measurement Increase Count : 1362
]]></system-out>
  <system-err><![CDATA[]]></system-err>
</testsuite>
